2023-07-29 12:15:33,617 - INFO - [31m[1mWARNING: This is a development server. Do not use it in a production deployment. Use a production WSGI server instead.[0m
 * Running on http://127.0.0.1:5000
2023-07-29 12:15:33,617 - INFO - [33mPress CTRL+C to quit[0m
2023-07-29 12:16:20,351 - INFO - [31m[1mWARNING: This is a development server. Do not use it in a production deployment. Use a production WSGI server instead.[0m
 * Running on http://127.0.0.1:5000
2023-07-29 12:16:20,351 - INFO - [33mPress CTRL+C to quit[0m
2023-07-29 12:17:10,708 - INFO - [31m[1mWARNING: This is a development server. Do not use it in a production deployment. Use a production WSGI server instead.[0m
 * Running on http://127.0.0.1:5000
2023-07-29 12:17:10,709 - INFO - [33mPress CTRL+C to quit[0m
2023-07-29 12:18:15,634 - INFO - [31m[1mWARNING: This is a development server. Do not use it in a production deployment. Use a production WSGI server instead.[0m
 * Running on http://127.0.0.1:5000
2023-07-29 12:18:15,634 - INFO - [33mPress CTRL+C to quit[0m
2023-07-29 12:18:35,128 - INFO - [31m[1mWARNING: This is a development server. Do not use it in a production deployment. Use a production WSGI server instead.[0m
 * Running on http://127.0.0.1:5000
2023-07-29 12:18:35,128 - INFO - [33mPress CTRL+C to quit[0m
2023-07-29 12:19:01,021 - INFO - [31m[1mWARNING: This is a development server. Do not use it in a production deployment. Use a production WSGI server instead.[0m
 * Running on http://127.0.0.1:5000
2023-07-29 12:19:01,021 - INFO - [33mPress CTRL+C to quit[0m
2023-07-29 12:23:32,854 - INFO - [31m[1mWARNING: This is a development server. Do not use it in a production deployment. Use a production WSGI server instead.[0m
 * Running on http://127.0.0.1:5000
2023-07-29 12:23:32,854 - INFO - [33mPress CTRL+C to quit[0m
2023-07-29 12:24:27,092 - INFO - [31m[1mWARNING: This is a development server. Do not use it in a production deployment. Use a production WSGI server instead.[0m
 * Running on http://127.0.0.1:5000
2023-07-29 12:24:27,092 - INFO - [33mPress CTRL+C to quit[0m
2023-07-29 12:25:23,273 - INFO - [31m[1mWARNING: This is a development server. Do not use it in a production deployment. Use a production WSGI server instead.[0m
 * Running on http://127.0.0.1:5000
2023-07-29 12:25:23,273 - INFO - [33mPress CTRL+C to quit[0m
2023-07-29 12:25:31,574 - INFO - 127.0.0.1 - - [29/Jul/2023 12:25:31] "[32mGET / HTTP/1.1[0m" 302 -
2023-07-29 12:25:31,627 - INFO - 127.0.0.1 - - [29/Jul/2023 12:25:31] "GET /WebApp HTTP/1.1" 200 -
2023-07-29 12:25:31,917 - INFO - 127.0.0.1 - - [29/Jul/2023 12:25:31] "[36mGET /static/style.css HTTP/1.1[0m" 304 -
2023-07-29 12:25:32,092 - INFO - 127.0.0.1 - - [29/Jul/2023 12:25:32] "[33mGET /favicon.ico HTTP/1.1[0m" 404 -
2023-07-29 12:25:34,641 - INFO - 127.0.0.1 - - [29/Jul/2023 12:25:34] "GET /register HTTP/1.1" 200 -
2023-07-29 12:25:34,758 - INFO - 127.0.0.1 - - [29/Jul/2023 12:25:34] "[36mGET /static/style.css HTTP/1.1[0m" 304 -
2023-07-29 12:25:35,592 - INFO - 127.0.0.1 - - [29/Jul/2023 12:25:35] "GET /WebApp HTTP/1.1" 200 -
2023-07-29 12:25:35,712 - INFO - 127.0.0.1 - - [29/Jul/2023 12:25:35] "[36mGET /static/style.css HTTP/1.1[0m" 304 -
2023-07-29 12:26:08,374 - INFO - The CSRF tokens do not match.
2023-07-29 12:26:08,375 - INFO - 127.0.0.1 - - [29/Jul/2023 12:26:08] "POST /WebApp HTTP/1.1" 200 -
2023-07-29 12:26:08,476 - INFO - 127.0.0.1 - - [29/Jul/2023 12:26:08] "[36mGET /static/style.css HTTP/1.1[0m" 304 -
2023-07-29 12:26:11,363 - ERROR - Exception on /WebApp [POST]
Traceback (most recent call last):
  File "C:\Users\Student\Desktop\Modules\IT2656_SystemsSecurityProject\SystemSecProject\newP\venv\Lib\site-packages\cryptography\fernet.py", line 134, in _verify_signature
    h.verify(data[-32:])
cryptography.exceptions.InvalidSignature: Signature did not match digest.

During handling of the above exception, another exception occurred:

Traceback (most recent call last):
  File "C:\Users\Student\Desktop\Modules\IT2656_SystemsSecurityProject\SystemSecProject\newP\venv\Lib\site-packages\flask\app.py", line 2190, in wsgi_app
    response = self.full_dispatch_request()
               ^^^^^^^^^^^^^^^^^^^^^^^^^^^^
  File "C:\Users\Student\Desktop\Modules\IT2656_SystemsSecurityProject\SystemSecProject\newP\venv\Lib\site-packages\flask\app.py", line 1486, in full_dispatch_request
    rv = self.handle_user_exception(e)
         ^^^^^^^^^^^^^^^^^^^^^^^^^^^^^
  File "C:\Users\Student\Desktop\Modules\IT2656_SystemsSecurityProject\SystemSecProject\newP\venv\Lib\site-packages\flask\app.py", line 1484, in full_dispatch_request
    rv = self.dispatch_request()
         ^^^^^^^^^^^^^^^^^^^^^^^
  File "C:\Users\Student\Desktop\Modules\IT2656_SystemsSecurityProject\SystemSecProject\newP\venv\Lib\site-packages\flask\app.py", line 1469, in dispatch_request
    return self.ensure_sync(self.view_functions[rule.endpoint])(**view_args)
           ^^^^^^^^^^^^^^^^^^^^^^^^^^^^^^^^^^^^^^^^^^^^^^^^^^^^^^^^^^^^^^^^^
  File "C:\Users\Student\Desktop\Modules\IT2656_SystemsSecurityProject\SystemSecProject\newP\Login(2).py", line 437, in login
    if SQL_Login(username, password) == 0:
       ^^^^^^^^^^^^^^^^^^^^^^^^^^^^^
  File "C:\Users\Student\Desktop\Modules\IT2656_SystemsSecurityProject\SystemSecProject\newP\SQL_Functions1.py", line 108, in SQL_Login
    decrypted_email = f.decrypt(encrypted_email)
                      ^^^^^^^^^^^^^^^^^^^^^^^^^^
  File "C:\Users\Student\Desktop\Modules\IT2656_SystemsSecurityProject\SystemSecProject\newP\venv\Lib\site-packages\cryptography\fernet.py", line 91, in decrypt
    return self._decrypt_data(data, timestamp, time_info)
           ^^^^^^^^^^^^^^^^^^^^^^^^^^^^^^^^^^^^^^^^^^^^^^
  File "C:\Users\Student\Desktop\Modules\IT2656_SystemsSecurityProject\SystemSecProject\newP\venv\Lib\site-packages\cryptography\fernet.py", line 152, in _decrypt_data
    self._verify_signature(data)
  File "C:\Users\Student\Desktop\Modules\IT2656_SystemsSecurityProject\SystemSecProject\newP\venv\Lib\site-packages\cryptography\fernet.py", line 136, in _verify_signature
    raise InvalidToken
cryptography.fernet.InvalidToken
2023-07-29 12:26:11,366 - INFO - 127.0.0.1 - - [29/Jul/2023 12:26:11] "[35m[1mPOST /WebApp HTTP/1.1[0m" 500 -
2023-07-29 12:26:52,617 - INFO - [31m[1mWARNING: This is a development server. Do not use it in a production deployment. Use a production WSGI server instead.[0m
 * Running on http://127.0.0.1:5000
2023-07-29 12:26:52,617 - INFO - [33mPress CTRL+C to quit[0m
2023-07-29 12:27:23,009 - INFO - [31m[1mWARNING: This is a development server. Do not use it in a production deployment. Use a production WSGI server instead.[0m
 * Running on http://127.0.0.1:5000
2023-07-29 12:27:23,009 - INFO - [33mPress CTRL+C to quit[0m
2023-07-29 12:27:51,974 - INFO - [31m[1mWARNING: This is a development server. Do not use it in a production deployment. Use a production WSGI server instead.[0m
 * Running on http://127.0.0.1:5000
2023-07-29 12:27:51,975 - INFO - [33mPress CTRL+C to quit[0m
2023-07-29 12:31:58,270 - INFO - [31m[1mWARNING: This is a development server. Do not use it in a production deployment. Use a production WSGI server instead.[0m
 * Running on http://127.0.0.1:5000
2023-07-29 12:31:58,270 - INFO - [33mPress CTRL+C to quit[0m
